{"level":"info","message":"Inicio de sesión exitoso","timestamp":"2024-12-27T12:30:09.240Z","user":"ofirXXg2BdTlCWRMAKfXhDOlqD23"}
{"level":"info","message":"Inicio de sesión exitoso","timestamp":"2024-12-27T12:30:09.240Z","user":"ofirXXg2BdTlCWRMAKfXhDOlqD23"}
{"level":"warn","message":"Inicio de sesión fallido","timestamp":"2024-12-27T12:30:22.980Z","user":"lau_espi@hotmail.com"}
{"level":"warn","message":"Inicio de sesión fallido","timestamp":"2024-12-27T12:30:22.980Z","user":"lau_espi@hotmail.com"}
{"level":"info","message":"Inicio de sesión exitoso","timestamp":"2024-12-27T12:33:30.233Z","user":"mGzaK4rCQsbi1PrL7mNbm11Cpk13"}
{"level":"info","message":"Inicio de sesión exitoso","timestamp":"2024-12-27T12:33:30.233Z","user":"mGzaK4rCQsbi1PrL7mNbm11Cpk13"}
{"level":"info","message":"Inicio de sesión exitoso","timestamp":"2025-01-07T19:08:51.518Z","user":"mGzaK4rCQsbi1PrL7mNbm11Cpk13"}
{"level":"info","message":"Inicio de sesión exitoso","timestamp":"2025-01-07T19:08:51.518Z","user":"mGzaK4rCQsbi1PrL7mNbm11Cpk13"}
{"level":"info","message":"Inicio de sesión exitoso","timestamp":"2025-01-07T19:08:51.524Z","user":"mGzaK4rCQsbi1PrL7mNbm11Cpk13"}
{"level":"info","message":"Inicio de sesión exitoso","timestamp":"2025-01-07T19:08:51.524Z","user":"mGzaK4rCQsbi1PrL7mNbm11Cpk13"}
{"level":"info","message":"Inicio de sesión exitoso","timestamp":"2025-01-09T12:34:42.432Z","user":"mGzaK4rCQsbi1PrL7mNbm11Cpk13"}
{"level":"info","message":"Inicio de sesión exitoso","timestamp":"2025-01-09T12:34:42.432Z","user":"mGzaK4rCQsbi1PrL7mNbm11Cpk13"}
{"level":"info","message":"Inicio de sesión exitoso","timestamp":"2025-01-09T12:48:45.413Z","user":"mGzaK4rCQsbi1PrL7mNbm11Cpk13"}
{"level":"info","message":"Inicio de sesión exitoso","timestamp":"2025-01-09T12:48:45.413Z","user":"mGzaK4rCQsbi1PrL7mNbm11Cpk13"}
{"level":"info","message":"Inicio de sesión exitoso","timestamp":"2025-01-09T13:05:08.823Z","user":"mGzaK4rCQsbi1PrL7mNbm11Cpk13"}
{"level":"info","message":"Inicio de sesión exitoso","timestamp":"2025-01-09T13:05:08.823Z","user":"mGzaK4rCQsbi1PrL7mNbm11Cpk13"}
{"level":"info","message":"Inicio de sesión exitoso","timestamp":"2025-01-09T19:18:32.292Z","user":"mGzaK4rCQsbi1PrL7mNbm11Cpk13"}
{"level":"info","message":"Inicio de sesión exitoso","timestamp":"2025-01-09T19:18:32.292Z","user":"mGzaK4rCQsbi1PrL7mNbm11Cpk13"}
{"level":"info","message":"Inicio de sesión exitoso","timestamp":"2025-01-09T19:18:32.681Z","user":"mGzaK4rCQsbi1PrL7mNbm11Cpk13"}
{"level":"info","message":"Inicio de sesión exitoso","timestamp":"2025-01-09T19:18:32.681Z","user":"mGzaK4rCQsbi1PrL7mNbm11Cpk13"}
{"level":"warn","message":"Inicio de sesión fallido","timestamp":"2025-01-09T19:29:34.035Z","user":""}
{"level":"warn","message":"Inicio de sesión fallido","timestamp":"2025-01-09T19:29:34.035Z","user":""}
{"level":"info","message":"Inicio de sesión exitoso","timestamp":"2025-01-09T19:29:40.491Z","user":"mGzaK4rCQsbi1PrL7mNbm11Cpk13"}
{"level":"info","message":"Inicio de sesión exitoso","timestamp":"2025-01-09T19:29:40.491Z","user":"mGzaK4rCQsbi1PrL7mNbm11Cpk13"}
{"level":"info","message":"Inicio de sesión exitoso","timestamp":"2025-01-09T19:29:52.168Z","user":"mGzaK4rCQsbi1PrL7mNbm11Cpk13"}
{"level":"info","message":"Inicio de sesión exitoso","timestamp":"2025-01-09T19:29:52.168Z","user":"mGzaK4rCQsbi1PrL7mNbm11Cpk13"}
{"level":"info","message":"Inicio de sesión exitoso","timestamp":"2025-01-10T11:29:11.279Z","user":"mGzaK4rCQsbi1PrL7mNbm11Cpk13"}
{"level":"info","message":"Inicio de sesión exitoso","timestamp":"2025-01-10T11:29:11.279Z","user":"mGzaK4rCQsbi1PrL7mNbm11Cpk13"}
{"level":"info","message":"Inicio de sesión exitoso","timestamp":"2025-01-10T11:30:44.845Z","user":"ofirXXg2BdTlCWRMAKfXhDOlqD23"}
{"level":"info","message":"Inicio de sesión exitoso","timestamp":"2025-01-10T11:30:44.845Z","user":"ofirXXg2BdTlCWRMAKfXhDOlqD23"}
{"level":"warn","message":"Inicio de sesión fallido","timestamp":"2025-02-14T21:48:31.727Z","user":""}
{"level":"warn","message":"Inicio de sesión fallido","timestamp":"2025-02-14T21:48:31.727Z","user":""}
{"level":"warn","message":"Inicio de sesión fallido","timestamp":"2025-02-14T21:48:31.734Z","user":""}
{"level":"warn","message":"Inicio de sesión fallido","timestamp":"2025-02-14T21:48:31.734Z","user":""}
{"level":"info","message":"Inicio de sesión exitoso","timestamp":"2025-02-14T21:48:35.681Z","user":"mGzaK4rCQsbi1PrL7mNbm11Cpk13"}
{"level":"info","message":"Inicio de sesión exitoso","timestamp":"2025-02-14T21:48:35.681Z","user":"mGzaK4rCQsbi1PrL7mNbm11Cpk13"}
{"level":"info","message":"Inicio de sesión exitoso","timestamp":"2025-02-14T21:52:11.511Z","user":"mGzaK4rCQsbi1PrL7mNbm11Cpk13"}
{"level":"info","message":"Inicio de sesión exitoso","timestamp":"2025-02-14T21:52:11.511Z","user":"mGzaK4rCQsbi1PrL7mNbm11Cpk13"}
{"level":"info","message":"Inicio de sesión exitoso","timestamp":"2025-02-14T21:52:11.518Z","user":"mGzaK4rCQsbi1PrL7mNbm11Cpk13"}
{"level":"info","message":"Inicio de sesión exitoso","timestamp":"2025-02-14T21:52:11.518Z","user":"mGzaK4rCQsbi1PrL7mNbm11Cpk13"}
{"level":"info","message":"Inicio de sesión exitoso","timestamp":"2025-02-14T21:56:27.425Z","user":"mGzaK4rCQsbi1PrL7mNbm11Cpk13"}
{"level":"info","message":"Inicio de sesión exitoso","timestamp":"2025-02-14T21:56:27.425Z","user":"mGzaK4rCQsbi1PrL7mNbm11Cpk13"}
{"level":"info","message":"Inicio de sesión exitoso","timestamp":"2025-02-14T21:57:14.175Z","user":"mGzaK4rCQsbi1PrL7mNbm11Cpk13"}
{"level":"info","message":"Inicio de sesión exitoso","timestamp":"2025-02-14T21:57:14.175Z","user":"mGzaK4rCQsbi1PrL7mNbm11Cpk13"}
{"level":"info","message":"Inicio de sesión exitoso","timestamp":"2025-02-14T23:16:27.365Z","user":"mGzaK4rCQsbi1PrL7mNbm11Cpk13"}
{"level":"info","message":"Inicio de sesión exitoso","timestamp":"2025-02-14T23:16:27.365Z","user":"mGzaK4rCQsbi1PrL7mNbm11Cpk13"}
{"level":"info","message":"Inicio de sesión exitoso","timestamp":"2025-02-15T02:09:06.841Z","user":"mGzaK4rCQsbi1PrL7mNbm11Cpk13"}
{"level":"info","message":"Inicio de sesión exitoso","timestamp":"2025-02-15T02:09:06.841Z","user":"mGzaK4rCQsbi1PrL7mNbm11Cpk13"}
{"level":"info","message":"Inicio de sesión exitoso","timestamp":"2025-04-21T21:33:53.329Z","user":"mGzaK4rCQsbi1PrL7mNbm11Cpk13"}
{"level":"info","message":"Inicio de sesión exitoso","timestamp":"2025-04-21T21:33:53.329Z","user":"mGzaK4rCQsbi1PrL7mNbm11Cpk13"}
{"level":"info","message":"Inicio de sesión exitoso","timestamp":"2025-04-21T22:13:52.794Z","user":"mGzaK4rCQsbi1PrL7mNbm11Cpk13"}
{"level":"info","message":"Inicio de sesión exitoso","timestamp":"2025-04-21T22:13:52.794Z","user":"mGzaK4rCQsbi1PrL7mNbm11Cpk13"}
{"level":"info","message":"Inicio de sesión exitoso","timestamp":"2025-04-30T20:18:24.212Z","user":"mGzaK4rCQsbi1PrL7mNbm11Cpk13"}
{"level":"info","message":"Inicio de sesión exitoso","timestamp":"2025-04-30T20:18:24.212Z","user":"mGzaK4rCQsbi1PrL7mNbm11Cpk13"}
{"level":"info","message":"Inicio de sesión exitoso","timestamp":"2025-04-30T21:21:36.942Z","user":"mGzaK4rCQsbi1PrL7mNbm11Cpk13"}
{"level":"info","message":"Inicio de sesión exitoso","timestamp":"2025-04-30T21:21:36.942Z","user":"mGzaK4rCQsbi1PrL7mNbm11Cpk13"}
{"level":"info","message":"Inicio de sesión exitoso","timestamp":"2025-05-01T18:02:08.417Z","user":"mGzaK4rCQsbi1PrL7mNbm11Cpk13"}
{"level":"info","message":"Inicio de sesión exitoso","timestamp":"2025-05-01T18:02:08.417Z","user":"mGzaK4rCQsbi1PrL7mNbm11Cpk13"}
{"level":"info","message":"Inicio de sesión exitoso","timestamp":"2025-05-01T18:02:09.246Z","user":"mGzaK4rCQsbi1PrL7mNbm11Cpk13"}
{"level":"info","message":"Inicio de sesión exitoso","timestamp":"2025-05-01T18:02:09.246Z","user":"mGzaK4rCQsbi1PrL7mNbm11Cpk13"}
{"level":"info","message":"Inicio de sesión exitoso","timestamp":"2025-05-01T18:06:52.980Z","user":"mGzaK4rCQsbi1PrL7mNbm11Cpk13"}
{"level":"info","message":"Inicio de sesión exitoso","timestamp":"2025-05-01T18:06:52.980Z","user":"mGzaK4rCQsbi1PrL7mNbm11Cpk13"}
{"level":"info","message":"Inicio de sesión exitoso","timestamp":"2025-05-01T18:37:56.908Z","user":"mGzaK4rCQsbi1PrL7mNbm11Cpk13"}
{"level":"info","message":"Inicio de sesión exitoso","timestamp":"2025-05-01T18:37:56.908Z","user":"mGzaK4rCQsbi1PrL7mNbm11Cpk13"}
{"level":"info","message":"Inicio de sesión exitoso","timestamp":"2025-05-01T19:59:17.379Z","user":"mGzaK4rCQsbi1PrL7mNbm11Cpk13"}
{"level":"info","message":"Inicio de sesión exitoso","timestamp":"2025-05-01T19:59:17.379Z","user":"mGzaK4rCQsbi1PrL7mNbm11Cpk13"}
{"level":"info","message":"Inicio de sesión exitoso","timestamp":"2025-05-02T16:15:39.958Z","user":"mGzaK4rCQsbi1PrL7mNbm11Cpk13"}
{"level":"info","message":"Inicio de sesión exitoso","timestamp":"2025-05-02T16:15:39.958Z","user":"mGzaK4rCQsbi1PrL7mNbm11Cpk13"}
{"level":"info","message":"Inicio de sesión exitoso","timestamp":"2025-05-02T18:49:25.045Z","user":"mGzaK4rCQsbi1PrL7mNbm11Cpk13"}
{"level":"info","message":"Inicio de sesión exitoso","timestamp":"2025-05-02T18:49:25.045Z","user":"mGzaK4rCQsbi1PrL7mNbm11Cpk13"}
{"level":"info","message":"Inicio de sesión exitoso","timestamp":"2025-05-02T19:01:35.230Z","user":"mGzaK4rCQsbi1PrL7mNbm11Cpk13"}
{"level":"info","message":"Inicio de sesión exitoso","timestamp":"2025-05-02T19:01:35.230Z","user":"mGzaK4rCQsbi1PrL7mNbm11Cpk13"}
{"level":"info","message":"Inicio de sesión exitoso","timestamp":"2025-05-02T20:02:08.429Z","user":"mGzaK4rCQsbi1PrL7mNbm11Cpk13"}
{"level":"info","message":"Inicio de sesión exitoso","timestamp":"2025-05-02T20:02:08.429Z","user":"mGzaK4rCQsbi1PrL7mNbm11Cpk13"}
{"level":"info","message":"Inicio de sesión exitoso","timestamp":"2025-05-02T20:53:02.010Z","user":"mGzaK4rCQsbi1PrL7mNbm11Cpk13"}
{"level":"info","message":"Inicio de sesión exitoso","timestamp":"2025-05-02T20:53:02.010Z","user":"mGzaK4rCQsbi1PrL7mNbm11Cpk13"}
{"level":"info","message":"Inicio de sesión exitoso","timestamp":"2025-05-02T21:49:25.228Z","user":"bazMRnZ4A3YkIfBwl62Uob1FVuK2"}
{"level":"info","message":"Inicio de sesión exitoso","timestamp":"2025-05-02T21:49:25.228Z","user":"bazMRnZ4A3YkIfBwl62Uob1FVuK2"}
{"level":"info","message":"Inicio de sesión exitoso","timestamp":"2025-05-02T22:05:41.610Z","user":"1fCT1eIi19QX73MRCM6Gk8P6GTA3"}
{"level":"info","message":"Inicio de sesión exitoso","timestamp":"2025-05-02T22:05:41.610Z","user":"1fCT1eIi19QX73MRCM6Gk8P6GTA3"}
{"level":"info","message":"Inicio de sesión exitoso","timestamp":"2025-05-02T22:07:06.345Z","user":"kioWB2l5vXbQg3SLkaMYFSQvA0t2"}
{"level":"info","message":"Inicio de sesión exitoso","timestamp":"2025-05-02T22:07:06.345Z","user":"kioWB2l5vXbQg3SLkaMYFSQvA0t2"}
{"level":"info","message":"Inicio de sesión exitoso","timestamp":"2025-05-02T22:07:28.205Z","user":"XPyJwcAY29hhgYc1Ta4GBCMc00s2"}
{"level":"info","message":"Inicio de sesión exitoso","timestamp":"2025-05-02T22:07:28.205Z","user":"XPyJwcAY29hhgYc1Ta4GBCMc00s2"}
{"level":"info","message":"Inicio de sesión exitoso","timestamp":"2025-05-02T22:08:37.035Z","user":"q338ouwtQDON3nXr9wmAXD1K6n22"}
{"level":"info","message":"Inicio de sesión exitoso","timestamp":"2025-05-02T22:08:37.035Z","user":"q338ouwtQDON3nXr9wmAXD1K6n22"}
{"level":"info","message":"Inicio de sesión exitoso","timestamp":"2025-05-02T22:08:44.874Z","user":"uU4yzmbcNtdrOGTlbvRQkb4D2b72"}
{"level":"info","message":"Inicio de sesión exitoso","timestamp":"2025-05-02T22:08:44.874Z","user":"uU4yzmbcNtdrOGTlbvRQkb4D2b72"}
{"level":"info","message":"Inicio de sesión exitoso","timestamp":"2025-05-02T22:09:12.655Z","user":"84mCBrLodcXeFHm8xhbEU6CJrCi2"}
{"level":"info","message":"Inicio de sesión exitoso","timestamp":"2025-05-02T22:09:12.655Z","user":"84mCBrLodcXeFHm8xhbEU6CJrCi2"}
{"level":"info","message":"Inicio de sesión exitoso","timestamp":"2025-05-02T22:09:30.515Z","user":"SoQd6UVz0wXSyPisQGJJ626abMB2"}
{"level":"info","message":"Inicio de sesión exitoso","timestamp":"2025-05-02T22:09:30.515Z","user":"SoQd6UVz0wXSyPisQGJJ626abMB2"}
{"level":"info","message":"Inicio de sesión exitoso","timestamp":"2025-05-02T22:28:55.532Z","user":"DmUayE9Wv7Y0Pb5pxIsxtOk6KNV2"}
{"level":"info","message":"Inicio de sesión exitoso","timestamp":"2025-05-02T22:28:55.532Z","user":"DmUayE9Wv7Y0Pb5pxIsxtOk6KNV2"}
{"level":"info","message":"Inicio de sesión exitoso","timestamp":"2025-05-02T22:29:34.766Z","user":"l5HP0bdT3KM4m20aOzTbfBJLx3v2"}
{"level":"info","message":"Inicio de sesión exitoso","timestamp":"2025-05-02T22:29:34.766Z","user":"l5HP0bdT3KM4m20aOzTbfBJLx3v2"}
{"level":"warn","message":"Inicio de sesión fallido","timestamp":"2025-05-02T22:36:46.143Z","user":"anonymous"}
{"level":"warn","message":"Inicio de sesión fallido","timestamp":"2025-05-02T22:36:46.143Z","user":"anonymous"}
{"level":"warn","message":"Inicio de sesión fallido","timestamp":"2025-05-02T22:36:47.996Z","user":"anonymous"}
{"level":"warn","message":"Inicio de sesión fallido","timestamp":"2025-05-02T22:36:47.996Z","user":"anonymous"}
{"level":"warn","message":"Inicio de sesión fallido","timestamp":"2025-05-02T22:36:49.217Z","user":"anonymous"}
{"level":"warn","message":"Inicio de sesión fallido","timestamp":"2025-05-02T22:36:49.217Z","user":"anonymous"}
{"level":"info","message":"Inicio de sesión exitoso","timestamp":"2025-05-02T22:39:16.317Z","user":"NEu0mlwGAnfCp3WuiLHekm7vQ0A3"}
{"level":"info","message":"Inicio de sesión exitoso","timestamp":"2025-05-02T22:39:16.317Z","user":"NEu0mlwGAnfCp3WuiLHekm7vQ0A3"}
{"level":"warn","message":"Inicio de sesión fallido","timestamp":"2025-05-02T22:39:26.073Z","user":"anonymous"}
{"level":"warn","message":"Inicio de sesión fallido","timestamp":"2025-05-02T22:39:26.073Z","user":"anonymous"}
{"level":"warn","message":"Inicio de sesión fallido","timestamp":"2025-05-02T22:39:28.872Z","user":"anonymous"}
{"level":"warn","message":"Inicio de sesión fallido","timestamp":"2025-05-02T22:39:28.872Z","user":"anonymous"}
{"level":"info","message":"Inicio de sesión exitoso","timestamp":"2025-05-02T22:39:31.460Z","user":"RQkLIHBhssP8vuLtWejgmKwZrOE2"}
{"level":"info","message":"Inicio de sesión exitoso","timestamp":"2025-05-02T22:39:31.460Z","user":"RQkLIHBhssP8vuLtWejgmKwZrOE2"}
{"level":"info","message":"Inicio de sesión exitoso","timestamp":"2025-05-03T12:34:51.649Z","user":"N7WQZMUphtZLEH5SJ43YSeoTa9x1"}
{"level":"info","message":"Inicio de sesión exitoso","timestamp":"2025-05-03T12:34:51.649Z","user":"N7WQZMUphtZLEH5SJ43YSeoTa9x1"}
{"level":"info","message":"Inicio de sesión exitoso","timestamp":"2025-05-03T12:35:19.069Z","user":"mGzaK4rCQsbi1PrL7mNbm11Cpk13"}
{"level":"info","message":"Inicio de sesión exitoso","timestamp":"2025-05-03T12:35:19.069Z","user":"mGzaK4rCQsbi1PrL7mNbm11Cpk13"}
{"level":"info","message":"Inicio de sesión exitoso","timestamp":"2025-05-03T12:35:33.234Z","user":"mGzaK4rCQsbi1PrL7mNbm11Cpk13"}
{"level":"info","message":"Inicio de sesión exitoso","timestamp":"2025-05-03T12:35:33.234Z","user":"mGzaK4rCQsbi1PrL7mNbm11Cpk13"}
{"level":"warn","message":"Inicio de sesión fallido","timestamp":"2025-05-03T13:10:24.763Z","user":"anonymous"}
{"level":"warn","message":"Inicio de sesión fallido","timestamp":"2025-05-03T13:10:24.763Z","user":"anonymous"}
{"level":"warn","message":"Inicio de sesión fallido","timestamp":"2025-05-03T13:21:31.742Z","user":"anonymous"}
{"level":"warn","message":"Inicio de sesión fallido","timestamp":"2025-05-03T13:21:31.742Z","user":"anonymous"}
{"level":"info","message":"Inicio de sesión exitoso","timestamp":"2025-05-03T13:21:40.703Z","user":"OZ09ZmHJImfTyFWR8SzbySdF5XD2"}
{"level":"info","message":"Inicio de sesión exitoso","timestamp":"2025-05-03T13:21:40.703Z","user":"OZ09ZmHJImfTyFWR8SzbySdF5XD2"}
{"level":"warn","message":"Inicio de sesión fallido","timestamp":"2025-05-03T13:26:38.047Z","user":"anonymous"}
{"level":"warn","message":"Inicio de sesión fallido","timestamp":"2025-05-03T13:26:38.047Z","user":"anonymous"}
{"level":"info","message":"Inicio de sesión exitoso","timestamp":"2025-05-03T13:26:42.603Z","user":"7xD9gJgzRgf0kuUb5jUlqBqoHsA2"}
{"level":"info","message":"Inicio de sesión exitoso","timestamp":"2025-05-03T13:26:42.603Z","user":"7xD9gJgzRgf0kuUb5jUlqBqoHsA2"}
{"level":"info","message":"Inicio de sesión exitoso","timestamp":"2025-05-05T22:54:27.013Z","user":"mGzaK4rCQsbi1PrL7mNbm11Cpk13"}
{"level":"info","message":"Inicio de sesión exitoso","timestamp":"2025-05-05T22:54:27.013Z","user":"mGzaK4rCQsbi1PrL7mNbm11Cpk13"}
{"level":"info","message":"Inicio de sesión exitoso","timestamp":"2025-05-05T23:55:39.549Z","user":"mGzaK4rCQsbi1PrL7mNbm11Cpk13"}
{"level":"info","message":"Inicio de sesión exitoso","timestamp":"2025-05-05T23:55:39.549Z","user":"mGzaK4rCQsbi1PrL7mNbm11Cpk13"}
{"level":"info","message":"Inicio de sesión exitoso","timestamp":"2025-05-06T00:55:57.803Z","user":"mGzaK4rCQsbi1PrL7mNbm11Cpk13"}
{"level":"info","message":"Inicio de sesión exitoso","timestamp":"2025-05-06T00:55:57.803Z","user":"mGzaK4rCQsbi1PrL7mNbm11Cpk13"}
{"level":"info","message":"Inicio de sesión exitoso","timestamp":"2025-05-06T17:28:14.051Z","user":"mGzaK4rCQsbi1PrL7mNbm11Cpk13"}
{"level":"info","message":"Inicio de sesión exitoso","timestamp":"2025-05-06T17:28:14.051Z","user":"mGzaK4rCQsbi1PrL7mNbm11Cpk13"}
{"level":"info","message":"Inicio de sesión exitoso","timestamp":"2025-05-06T19:41:23.085Z","user":"mGzaK4rCQsbi1PrL7mNbm11Cpk13"}
{"level":"info","message":"Inicio de sesión exitoso","timestamp":"2025-05-06T19:41:23.085Z","user":"mGzaK4rCQsbi1PrL7mNbm11Cpk13"}
{"level":"info","message":"Inicio de sesión exitoso","timestamp":"2025-05-06T19:41:23.090Z","user":"mGzaK4rCQsbi1PrL7mNbm11Cpk13"}
{"level":"info","message":"Inicio de sesión exitoso","timestamp":"2025-05-06T19:41:23.090Z","user":"mGzaK4rCQsbi1PrL7mNbm11Cpk13"}
{"level":"info","message":"Inicio de sesión exitoso","timestamp":"2025-05-06T22:11:33.963Z","user":"mGzaK4rCQsbi1PrL7mNbm11Cpk13"}
{"level":"info","message":"Inicio de sesión exitoso","timestamp":"2025-05-06T22:11:33.963Z","user":"mGzaK4rCQsbi1PrL7mNbm11Cpk13"}
{"level":"info","message":"Inicio de sesión exitoso","timestamp":"2025-05-07T01:39:42.920Z","user":"mGzaK4rCQsbi1PrL7mNbm11Cpk13"}
{"level":"info","message":"Inicio de sesión exitoso","timestamp":"2025-05-07T01:39:42.920Z","user":"mGzaK4rCQsbi1PrL7mNbm11Cpk13"}
{"level":"info","message":"Inicio de sesión exitoso","timestamp":"2025-05-07T02:39:57.116Z","user":"mGzaK4rCQsbi1PrL7mNbm11Cpk13"}
{"level":"info","message":"Inicio de sesión exitoso","timestamp":"2025-05-07T02:39:57.116Z","user":"mGzaK4rCQsbi1PrL7mNbm11Cpk13"}
{"level":"info","message":"Inicio de sesión exitoso","timestamp":"2025-05-07T03:43:41.894Z","user":"mGzaK4rCQsbi1PrL7mNbm11Cpk13"}
{"level":"info","message":"Inicio de sesión exitoso","timestamp":"2025-05-07T03:43:41.894Z","user":"mGzaK4rCQsbi1PrL7mNbm11Cpk13"}
{"level":"info","message":"Inicio de sesión exitoso","timestamp":"2025-05-07T17:31:33.641Z","user":"mGzaK4rCQsbi1PrL7mNbm11Cpk13"}
{"level":"info","message":"Inicio de sesión exitoso","timestamp":"2025-05-07T17:31:33.641Z","user":"mGzaK4rCQsbi1PrL7mNbm11Cpk13"}
{"level":"info","message":"Inicio de sesión exitoso","timestamp":"2025-05-07T19:53:58.889Z","user":"mGzaK4rCQsbi1PrL7mNbm11Cpk13"}
{"level":"info","message":"Inicio de sesión exitoso","timestamp":"2025-05-07T19:53:58.889Z","user":"mGzaK4rCQsbi1PrL7mNbm11Cpk13"}
{"level":"info","message":"Inicio de sesión exitoso","timestamp":"2025-05-07T21:30:02.985Z","user":"mGzaK4rCQsbi1PrL7mNbm11Cpk13"}
{"level":"info","message":"Inicio de sesión exitoso","timestamp":"2025-05-07T21:30:02.985Z","user":"mGzaK4rCQsbi1PrL7mNbm11Cpk13"}
{"level":"info","message":"Inicio de sesión exitoso","timestamp":"2025-05-07T22:34:17.645Z","user":"mGzaK4rCQsbi1PrL7mNbm11Cpk13"}
{"level":"info","message":"Inicio de sesión exitoso","timestamp":"2025-05-07T22:34:17.645Z","user":"mGzaK4rCQsbi1PrL7mNbm11Cpk13"}
{"level":"info","message":"Inicio de sesión exitoso","timestamp":"2025-05-08T11:11:23.136Z","user":"mGzaK4rCQsbi1PrL7mNbm11Cpk13"}
{"level":"info","message":"Inicio de sesión exitoso","timestamp":"2025-05-08T11:11:23.136Z","user":"mGzaK4rCQsbi1PrL7mNbm11Cpk13"}
{"level":"info","message":"Inicio de sesión exitoso","timestamp":"2025-05-08T12:30:27.854Z","user":"mGzaK4rCQsbi1PrL7mNbm11Cpk13"}
{"level":"info","message":"Inicio de sesión exitoso","timestamp":"2025-05-08T12:30:27.854Z","user":"mGzaK4rCQsbi1PrL7mNbm11Cpk13"}
{"level":"info","message":"Inicio de sesión exitoso","timestamp":"2025-05-08T13:59:15.129Z","user":"mGzaK4rCQsbi1PrL7mNbm11Cpk13"}
{"level":"info","message":"Inicio de sesión exitoso","timestamp":"2025-05-08T13:59:15.129Z","user":"mGzaK4rCQsbi1PrL7mNbm11Cpk13"}
{"level":"info","message":"Inicio de sesión exitoso","timestamp":"2025-05-08T14:45:08.141Z","user":"mGzaK4rCQsbi1PrL7mNbm11Cpk13"}
{"level":"info","message":"Inicio de sesión exitoso","timestamp":"2025-05-08T14:45:08.141Z","user":"mGzaK4rCQsbi1PrL7mNbm11Cpk13"}
